android/app/build/intermediates/manifest_merge_blame_file/debug/manifest-merger-blame-debug-report.txt
1<?xml version="1.0" encoding="utf-8"?>
2<manifest xmlns:android="http://schemas.android.com/apk/res/android"
3    package="com.kivey.myfirstionicvueapp"
4    android:versionCode="1"
5    android:versionName="1.0" >
6
7    <uses-sdk
8        android:minSdkVersion="21"
8-->src\main\AndroidManifest.xml
9        android:targetSdkVersion="29" />
9-->src\main\AndroidManifest.xml
10
11    <!-- Permissions -->
12
13    <uses-permission android:name="android.permission.INTERNET" />
13-->src\main\AndroidManifest.xml:47:5-67
13-->src\main\AndroidManifest.xml:47:22-64
14    <!-- Camera, Photos, input file -->
15    <uses-permission android:name="android.permission.READ_EXTERNAL_STORAGE" />
15-->src\main\AndroidManifest.xml:49:5-79
15-->src\main\AndroidManifest.xml:49:22-77
16    <uses-permission android:name="android.permission.WRITE_EXTERNAL_STORAGE" />
16-->src\main\AndroidManifest.xml:50:5-81
16-->src\main\AndroidManifest.xml:50:22-78
17    <!-- Geolocation API -->
18    <uses-permission android:name="android.permission.ACCESS_COARSE_LOCATION" />
18-->src\main\AndroidManifest.xml:52:5-81
18-->src\main\AndroidManifest.xml:52:22-78
19    <uses-permission android:name="android.permission.ACCESS_FINE_LOCATION" />
19-->src\main\AndroidManifest.xml:53:5-79
19-->src\main\AndroidManifest.xml:53:22-76
20
21    <uses-feature android:name="android.hardware.location.gps" />
21-->src\main\AndroidManifest.xml:54:5-66
21-->src\main\AndroidManifest.xml:54:19-63
22    <!-- Network API -->
23    <uses-permission android:name="android.permission.ACCESS_NETWORK_STATE" />
23-->src\main\AndroidManifest.xml:56:5-79
23-->src\main\AndroidManifest.xml:56:22-76
24    <!-- Navigator.getUserMedia -->
25    <!-- Video -->
26    <uses-permission android:name="android.permission.CAMERA" />
26-->src\main\AndroidManifest.xml:59:5-65
26-->src\main\AndroidManifest.xml:59:22-62
27    <!-- Audio -->
28    <uses-permission android:name="android.permission.RECORD_AUDIO" />
28-->src\main\AndroidManifest.xml:61:5-71
28-->src\main\AndroidManifest.xml:61:22-68
29    <uses-permission android:name="android.permission.MODIFY_AUDIO_SETTINGS" />
29-->src\main\AndroidManifest.xml:62:5-79
29-->src\main\AndroidManifest.xml:62:22-77
30
31    <uses-feature
31-->[:capacitor-android] AndroidManifest.xml:11:5-13:36
32        android:name="android.hardware.camera"
32-->[:capacitor-android] AndroidManifest.xml:12:9-47
33        android:required="false" />
33-->[:capacitor-android] AndroidManifest.xml:13:9-33
34
35    <uses-permission android:name="android.permission.WAKE_LOCK" /> <!-- Required by older versions of Google Play services to create IID tokens -->
35-->[com.google.firebase:firebase-iid:20.1.1] AndroidManifest.xml:24:5-68
35-->[com.google.firebase:firebase-iid:20.1.1] AndroidManifest.xml:24:22-65
36    <uses-permission android:name="com.google.android.c2dm.permission.RECEIVE" />
36-->[com.google.firebase:firebase-iid:20.1.1] AndroidManifest.xml:26:5-82
36-->[com.google.firebase:firebase-iid:20.1.1] AndroidManifest.xml:26:22-79
37
38    <application
38-->src\main\AndroidManifest.xml:5:5-43:19
39        android:allowBackup="true"
39-->src\main\AndroidManifest.xml:6:9-35
40        android:appComponentFactory="androidx.core.app.CoreComponentFactory"
40-->[androidx.core:core:1.2.0] AndroidManifest.xml:24:18-86
41        android:debuggable="true"
42        android:icon="@mipmap/ic_launcher"
42-->src\main\AndroidManifest.xml:7:9-43
43        android:label="@string/app_name"
43-->src\main\AndroidManifest.xml:8:9-41
44        android:roundIcon="@mipmap/ic_launcher_round"
44-->src\main\AndroidManifest.xml:9:9-54
45        android:supportsRtl="true"
45-->src\main\AndroidManifest.xml:10:9-35
46        android:testOnly="true"
47        android:theme="@style/AppTheme" >
47-->src\main\AndroidManifest.xml:11:9-40
48        <activity
48-->src\main\AndroidManifest.xml:13:9-32:20
49            android:name="com.kivey.myfirstionicvueapp.MainActivity"
49-->src\main\AndroidManifest.xml:15:13-69
50            android:configChanges="orientation|keyboardHidden|keyboard|screenSize|locale|smallestScreenSize|screenLayout|uiMode"
50-->src\main\AndroidManifest.xml:14:13-129
51            android:label="@string/title_activity_main"
51-->src\main\AndroidManifest.xml:16:13-56
52            android:launchMode="singleTask"
52-->src\main\AndroidManifest.xml:18:13-44
53            android:theme="@style/AppTheme.NoActionBarLaunch" >
53-->src\main\AndroidManifest.xml:17:13-62
54            <intent-filter>
54-->src\main\AndroidManifest.xml:20:13-23:29
55                <action android:name="android.intent.action.MAIN" />
55-->src\main\AndroidManifest.xml:21:17-69
55-->src\main\AndroidManifest.xml:21:25-66
56
57                <category android:name="android.intent.category.LAUNCHER" />
57-->src\main\AndroidManifest.xml:22:17-77
57-->src\main\AndroidManifest.xml:22:27-74
58            </intent-filter>
59            <intent-filter>
59-->src\main\AndroidManifest.xml:25:13-30:29
60                <action android:name="android.intent.action.VIEW" />
60-->src\main\AndroidManifest.xml:26:17-69
60-->src\main\AndroidManifest.xml:26:25-66
61
62                <category android:name="android.intent.category.DEFAULT" />
62-->src\main\AndroidManifest.xml:27:17-76
62-->src\main\AndroidManifest.xml:27:27-73
63                <category android:name="android.intent.category.BROWSABLE" />
63-->src\main\AndroidManifest.xml:28:17-78
63-->src\main\AndroidManifest.xml:28:27-75
64
65                <data android:scheme="@string/custom_url_scheme" />
65-->src\main\AndroidManifest.xml:29:17-68
65-->src\main\AndroidManifest.xml:29:23-65
66            </intent-filter>
67        </activity>
68
69        <provider
70            android:name="androidx.core.content.FileProvider"
70-->src\main\AndroidManifest.xml:35:13-62
71            android:authorities="com.kivey.myfirstionicvueapp.fileprovider"
71-->src\main\AndroidManifest.xml:36:13-64
72            android:exported="false"
72-->src\main\AndroidManifest.xml:37:13-37
73            android:grantUriPermissions="true" >
73-->src\main\AndroidManifest.xml:38:13-47
74            <meta-data
74-->src\main\AndroidManifest.xml:39:13-41:64
75                android:name="android.support.FILE_PROVIDER_PATHS"
75-->src\main\AndroidManifest.xml:40:17-67
76                android:resource="@xml/file_paths" />
76-->src\main\AndroidManifest.xml:41:17-51
77        </provider>
78
79        <service
79-->[:capacitor-android] AndroidManifest.xml:16:9-18:40
80            android:name="com.getcapacitor.plugin.background.BackgroundTaskService"
80-->[:capacitor-android] AndroidManifest.xml:17:13-84
81            android:exported="false" />
81-->[:capacitor-android] AndroidManifest.xml:18:13-37
82
83        <receiver android:name="com.getcapacitor.plugin.notification.TimedNotificationPublisher" />
83-->[:capacitor-android] AndroidManifest.xml:20:9-100
83-->[:capacitor-android] AndroidManifest.xml:20:19-97
84        <receiver android:name="com.getcapacitor.plugin.notification.NotificationDismissReceiver" />
84-->[:capacitor-android] AndroidManifest.xml:21:9-101
84-->[:capacitor-android] AndroidManifest.xml:21:19-98
85
86        <meta-data
86-->[:capacitor-android] AndroidManifest.xml:23:9-25:37
87            android:name="firebase_messaging_auto_init_enabled"
87-->[:capacitor-android] AndroidManifest.xml:24:13-64
88            android:value="false" />
88-->[:capacitor-android] AndroidManifest.xml:25:13-34
89
90        <service
90-->[:capacitor-android] AndroidManifest.xml:27:9-33:19
91            android:name="com.getcapacitor.CapacitorFirebaseMessagingService"
91-->[:capacitor-android] AndroidManifest.xml:28:13-78
92            android:stopWithTask="false" >
92-->[:capacitor-android] AndroidManifest.xml:29:13-41
93            <intent-filter>
93-->[:capacitor-android] AndroidManifest.xml:30:13-32:29
94                <action android:name="com.google.firebase.MESSAGING_EVENT" />
94-->[:capacitor-android] AndroidManifest.xml:31:17-78
94-->[:capacitor-android] AndroidManifest.xml:31:25-75
95            </intent-filter>
96        </service>
97        <!--
98             FirebaseMessagingService performs security checks at runtime,
99             but set to not exported to explicitly avoid allowing another app to call it.
100        -->
101        <service
101-->[com.google.firebase:firebase-messaging:20.1.2] AndroidManifest.xml:28:9-34:19
102            android:name="com.google.firebase.messaging.FirebaseMessagingService"
102-->[com.google.firebase:firebase-messaging:20.1.2] AndroidManifest.xml:29:13-82
103            android:exported="false" >
103-->[com.google.firebase:firebase-messaging:20.1.2] AndroidManifest.xml:30:13-37
104            <intent-filter android:priority="-500" >
104-->[:capacitor-android] AndroidManifest.xml:30:13-32:29
105                <action android:name="com.google.firebase.MESSAGING_EVENT" />
105-->[:capacitor-android] AndroidManifest.xml:31:17-78
105-->[:capacitor-android] AndroidManifest.xml:31:25-75
106            </intent-filter>
107        </service>
108        <service
108-->[com.google.firebase:firebase-messaging:20.1.2] AndroidManifest.xml:35:9-41:19
109            android:name="com.google.firebase.components.ComponentDiscoveryService"
109-->[com.google.firebase:firebase-messaging:20.1.2] AndroidManifest.xml:36:13-84
110            android:directBootAware="true"
110-->[com.google.firebase:firebase-common:19.3.0] AndroidManifest.xml:34:13-43
111            android:exported="false" >
111-->[com.google.firebase:firebase-messaging:20.1.2] AndroidManifest.xml:37:13-37
112            <meta-data
112-->[com.google.firebase:firebase-messaging:20.1.2] AndroidManifest.xml:38:13-40:85
113                android:name="com.google.firebase.components:com.google.firebase.messaging.FirebaseMessagingRegistrar"
113-->[com.google.firebase:firebase-messaging:20.1.2] AndroidManifest.xml:39:17-119
114                android:value="com.google.firebase.components.ComponentRegistrar" />
114-->[com.google.firebase:firebase-messaging:20.1.2] AndroidManifest.xml:40:17-82
115            <meta-data
115-->[com.google.firebase:firebase-datatransport:17.0.3] AndroidManifest.xml:28:13-30:85
116                android:name="com.google.firebase.components:com.google.firebase.datatransport.TransportRegistrar"
116-->[com.google.firebase:firebase-datatransport:17.0.3] AndroidManifest.xml:29:17-115
117                android:value="com.google.firebase.components.ComponentRegistrar" />
117-->[com.google.firebase:firebase-datatransport:17.0.3] AndroidManifest.xml:30:17-82
118            <meta-data
118-->[com.google.firebase:firebase-iid:20.1.1] AndroidManifest.xml:32:13-34:85
119                android:name="com.google.firebase.components:com.google.firebase.iid.Registrar"
119-->[com.google.firebase:firebase-iid:20.1.1] AndroidManifest.xml:33:17-96
120                android:value="com.google.firebase.components.ComponentRegistrar" />
120-->[com.google.firebase:firebase-iid:20.1.1] AndroidManifest.xml:34:17-82
121            <meta-data
121-->[com.google.firebase:firebase-installations:16.0.0] AndroidManifest.xml:17:13-19:85
122                android:name="com.google.firebase.components:com.google.firebase.installations.FirebaseInstallationsRegistrar"
122-->[com.google.firebase:firebase-installations:16.0.0] AndroidManifest.xml:18:17-127
123                android:value="com.google.firebase.components.ComponentRegistrar" />
123-->[com.google.firebase:firebase-installations:16.0.0] AndroidManifest.xml:19:17-82
124        </service>
125
126        <receiver
126-->[com.google.firebase:firebase-iid:20.1.1] AndroidManifest.xml:37:9-44:20
127            android:name="com.google.firebase.iid.FirebaseInstanceIdReceiver"
127-->[com.google.firebase:firebase-iid:20.1.1] AndroidManifest.xml:38:13-78
128            android:exported="true"
128-->[com.google.firebase:firebase-iid:20.1.1] AndroidManifest.xml:39:13-36
129            android:permission="com.google.android.c2dm.permission.SEND" >
129-->[com.google.firebase:firebase-iid:20.1.1] AndroidManifest.xml:40:13-73
130            <intent-filter>
130-->[com.google.firebase:firebase-iid:20.1.1] AndroidManifest.xml:41:13-43:29
131                <action android:name="com.google.android.c2dm.intent.RECEIVE" />
131-->[com.google.firebase:firebase-iid:20.1.1] AndroidManifest.xml:42:17-81
131-->[com.google.firebase:firebase-iid:20.1.1] AndroidManifest.xml:42:25-78
132            </intent-filter>
133        </receiver>
134
135        <provider
135-->[com.google.firebase:firebase-common:19.3.0] AndroidManifest.xml:26:9-30:39
136            android:name="com.google.firebase.provider.FirebaseInitProvider"
136-->[com.google.firebase:firebase-common:19.3.0] AndroidManifest.xml:27:13-77
137            android:authorities="com.kivey.myfirstionicvueapp.firebaseinitprovider"
137-->[com.google.firebase:firebase-common:19.3.0] AndroidManifest.xml:28:13-72
138            android:exported="false"
138-->[com.google.firebase:firebase-common:19.3.0] AndroidManifest.xml:29:13-37
139            android:initOrder="100" />
139-->[com.google.firebase:firebase-common:19.3.0] AndroidManifest.xml:30:13-36
140
141        <activity
141-->[com.google.android.gms:play-services-base:17.0.0] AndroidManifest.xml:23:9-26:75
142            android:name="com.google.android.gms.common.api.GoogleApiActivity"
142-->[com.google.android.gms:play-services-base:17.0.0] AndroidManifest.xml:24:13-79
143            android:exported="false"
143-->[com.google.android.gms:play-services-base:17.0.0] AndroidManifest.xml:25:13-37
144            android:theme="@android:style/Theme.Translucent.NoTitleBar" />
144-->[com.google.android.gms:play-services-base:17.0.0] AndroidManifest.xml:26:13-72
145
146        <meta-data
146-->[com.google.android.gms:play-services-basement:17.0.0] AndroidManifest.xml:23:9-25:69
147            android:name="com.google.android.gms.version"
147-->[com.google.android.gms:play-services-basement:17.0.0] AndroidManifest.xml:24:13-58
148            android:value="@integer/google_play_services_version" />
148-->[com.google.android.gms:play-services-basement:17.0.0] AndroidManifest.xml:25:13-66
149
150        <service
150-->[com.google.android.datatransport:transport-backend-cct:2.2.0] AndroidManifest.xml:29:9-35:19
151            android:name="com.google.android.datatransport.runtime.backends.TransportBackendDiscovery"
151-->[com.google.android.datatransport:transport-backend-cct:2.2.0] AndroidManifest.xml:30:13-103
152            android:exported="false" >
152-->[com.google.android.datatransport:transport-backend-cct:2.2.0] AndroidManifest.xml:31:13-37
153            <meta-data
153-->[com.google.android.datatransport:transport-backend-cct:2.2.0] AndroidManifest.xml:32:13-34:39
154                android:name="backend:com.google.android.datatransport.cct.CctBackendFactory"
154-->[com.google.android.datatransport:transport-backend-cct:2.2.0] AndroidManifest.xml:33:17-94
155                android:value="cct" />
155-->[com.google.android.datatransport:transport-backend-cct:2.2.0] AndroidManifest.xml:34:17-36
156        </service>
157        <service
157-->[com.google.android.datatransport:transport-runtime:2.2.0] AndroidManifest.xml:26:9-30:19
158            android:name="com.google.android.datatransport.runtime.scheduling.jobscheduling.JobInfoSchedulerService"
158-->[com.google.android.datatransport:transport-runtime:2.2.0] AndroidManifest.xml:27:13-117
159            android:exported="false"
159-->[com.google.android.datatransport:transport-runtime:2.2.0] AndroidManifest.xml:28:13-37
160            android:permission="android.permission.BIND_JOB_SERVICE" >
160-->[com.google.android.datatransport:transport-runtime:2.2.0] AndroidManifest.xml:29:13-69
161        </service>
162
163        <receiver
163-->[com.google.android.datatransport:transport-runtime:2.2.0] AndroidManifest.xml:32:9-34:40
164            android:name="com.google.android.datatransport.runtime.scheduling.jobscheduling.AlarmManagerSchedulerBroadcastReceiver"
164-->[com.google.android.datatransport:transport-runtime:2.2.0] AndroidManifest.xml:33:13-132
165            android:exported="false" />
165-->[com.google.android.datatransport:transport-runtime:2.2.0] AndroidManifest.xml:34:13-37
166    </application>
167
168</manifest>